<?xml version="1.0" encoding="UTF-8"?>
<testsuite name="HiddenTests" tests="1" skipped="0" failures="0" errors="0" timestamp="2023-09-07T19:52:55" hostname="DESKTOP-TH2K7JP" time="0.046">
  <properties/>
  <testcase name="testAllPairs()" classname="HiddenTests" time="0.046"/>
  <system-out><![CDATA[]]></system-out>
  <system-err><![CDATA[]]></system-err>
</testsuite>
