<?xml version="1.0" encoding="UTF-8"?>
<testsuite name="HiddenTests" tests="8" skipped="0" failures="0" errors="0" timestamp="2023-09-11T18:21:17" hostname="DESKTOP-TH2K7JP" time="1.628">
  <properties/>
  <testcase name="randomMediumInstances()" classname="HiddenTests" time="0.263"/>
  <testcase name="testMax()" classname="HiddenTests" time="0.434"/>
  <testcase name="testEmpty()" classname="HiddenTests" time="0.002"/>
  <testcase name="randomMax()" classname="HiddenTests" time="0.287"/>
  <testcase name="randomMedium()" classname="HiddenTests" time="0.192"/>
  <testcase name="randomLarge()" classname="HiddenTests" time="0.247"/>
  <testcase name="randomSmall()" classname="HiddenTests" time="0.192"/>
  <testcase name="manySmall()" classname="HiddenTests" time="0.003"/>
  <system-out><![CDATA[]]></system-out>
  <system-err><![CDATA[]]></system-err>
</testsuite>
