<?xml version="1.0" encoding="UTF-8"?>
<testsuite name="Tests" tests="2" skipped="0" failures="0" errors="0" timestamp="2023-09-13T23:59:17" hostname="DESKTOP-TH2K7JP" time="0.004">
  <properties/>
  <testcase name="testSample1()" classname="Tests" time="0.002"/>
  <testcase name="testSample2()" classname="Tests" time="0.001"/>
  <system-out><![CDATA[]]></system-out>
  <system-err><![CDATA[]]></system-err>
</testsuite>
