<?xml version="1.0" encoding="UTF-8"?>
<testsuite name="HiddenTests" tests="6" skipped="0" failures="0" errors="0" timestamp="2023-09-07T20:26:23" hostname="DESKTOP-TH2K7JP" time="0.123">
  <properties/>
  <testcase name="large_random_tests()" classname="HiddenTests" time="0.096"/>
  <testcase name="small_random_tests()" classname="HiddenTests" time="0.003"/>
  <testcase name="maximal_tests()" classname="HiddenTests" time="0.012"/>
  <testcase name="sample1()" classname="HiddenTests" time="0.002"/>
  <testcase name="sample2()" classname="HiddenTests" time="0.002"/>
  <testcase name="sample3()" classname="HiddenTests" time="0.002"/>
  <system-out><![CDATA[]]></system-out>
  <system-err><![CDATA[]]></system-err>
</testsuite>
