<?xml version="1.0" encoding="UTF-8"?>
<testsuite name="Tests" tests="3" skipped="0" failures="0" errors="0" timestamp="2023-09-07T19:57:02" hostname="DESKTOP-TH2K7JP" time="0.005">
  <properties/>
  <testcase name="sample1()" classname="Tests" time="0.001"/>
  <testcase name="sample2()" classname="Tests" time="0.001"/>
  <testcase name="sample3()" classname="Tests" time="0.001"/>
  <system-out><![CDATA[]]></system-out>
  <system-err><![CDATA[]]></system-err>
</testsuite>
