<?xml version="1.0" encoding="UTF-8"?>
<testsuite name="HiddenTests" tests="4" skipped="0" failures="0" errors="0" timestamp="2023-09-07T19:57:01" hostname="DESKTOP-TH2K7JP" time="0.056">
  <properties/>
  <testcase name="maximal_tests()" classname="HiddenTests" time="0.033"/>
  <testcase name="random_tests()" classname="HiddenTests" time="0.019"/>
  <testcase name="sample1()" classname="HiddenTests" time="0.001"/>
  <testcase name="sample2()" classname="HiddenTests" time="0.0"/>
  <system-out><![CDATA[]]></system-out>
  <system-err><![CDATA[]]></system-err>
</testsuite>
