<?xml version="1.0" encoding="UTF-8"?>
<testsuite name="Tests" tests="2" skipped="0" failures="0" errors="0" timestamp="2023-09-08T00:02:04" hostname="DESKTOP-TH2K7JP" time="0.002">
  <properties/>
  <testcase name="sample1()" classname="Tests" time="0.0"/>
  <testcase name="sample2()" classname="Tests" time="0.0"/>
  <system-out><![CDATA[]]></system-out>
  <system-err><![CDATA[]]></system-err>
</testsuite>
